mobile/app/build/outputs/logs/manifest-merger-minApi21-demo-debug-report.txt
-- Merging decision tree log ---
provider#com.todobom.opennotescanner.GenericFileProvider
INJECTED from src\main\AndroidManifest.xml:63:9-71:20
	android:grantUriPermissions
		ADDED from src\main\AndroidManifest.xml:67:13-47
	android:authorities
		INJECTED from src\main\AndroidManifest.xml
		ADDED from src\main\AndroidManifest.xml:65:13-71
	android:exported
		ADDED from src\main\AndroidManifest.xml:66:13-37
	android:name
		ADDED from src\main\AndroidManifest.xml:64:13-48
manifest
ADDED from src\main\AndroidManifest.xml:2:1-87:12
INJECTED from src\main\AndroidManifest.xml:2:1-87:12
INJECTED from src\main\AndroidManifest.xml:2:1-87:12
INJECTED from src\main\AndroidManifest.xml:2:1-87:12
MERGED from [com.android.support.constraint:constraint-layout:1.1.3] AndroidManifest.xml:2:1-11:12
MERGED from [com.android.support:design:27.0.0] AndroidManifest.xml:17:1-22:12
MERGED from [us.feras.mdv:markdownview:1.1.0] AndroidManifest.xml:2:1-17:12
MERGED from [com.github.ctodobom:FabToolbar:3c5f0e0ff1b6d5089e20b7da7157a604075ae943] AndroidManifest.xml:2:1-16:12
MERGED from [com.android.support:appcompat-v7:27.0.0] AndroidManifest.xml:17:1-22:12
MERGED from [com.android.support:support-v4:27.0.0] AndroidManifest.xml:17:1-22:12
MERGED from [com.github.ctodobom:OpenCV-3.1.0-Android:9e00ee4218ca0c9e60a905c9f09bf499f9dc5115] AndroidManifest.xml:2:1-11:12
MERGED from [com.github.ctodobom:drag-select-recyclerview:0.3.4.ctodobom.sections] AndroidManifest.xml:2:1-14:12
MERGED from [org.piwik.sdk:piwik-sdk:0.0.4] AndroidManifest.xml:2:1-14:12
MERGED from [com.android.volley:volley:1.1.0] AndroidManifest.xml:2:1-11:12
MERGED from [com.android.support:support-fragment:27.0.0] AndroidManifest.xml:17:1-22:12
MERGED from [com.android.support:support-core-utils:27.0.0] AndroidManifest.xml:17:1-22:12
MERGED from [com.android.support:transition:27.0.0] AndroidManifest.xml:17:1-22:12
MERGED from [com.android.support:support-media-compat:27.0.0] AndroidManifest.xml:17:1-22:12
MERGED from [com.android.support:animated-vector-drawable:27.0.0] AndroidManifest.xml:17:1-22:12
MERGED from [com.android.support:recyclerview-v7:27.0.0] AndroidManifest.xml:17:1-22:12
MERGED from [com.android.support:support-core-ui:27.0.0] AndroidManifest.xml:17:1-22:12
MERGED from [com.android.support:support-vector-drawable:27.0.0] AndroidManifest.xml:17:1-22:12
MERGED from [com.android.support:support-compat:27.0.0] AndroidManifest.xml:17:1-22:12
MERGED from [android.arch.lifecycle:runtime:1.0.0] AndroidManifest.xml:17:1-30:12
INJECTED from src\main\AndroidManifest.xml:2:1-87:12
INJECTED from src\main\AndroidManifest.xml:2:1-87:12
INJECTED from src\main\AndroidManifest.xml:2:1-87:12
	package
		ADDED from src\main\AndroidManifest.xml:3:5-42
		INJECTED from src\main\AndroidManifest.xml
		INJECTED from src\main\AndroidManifest.xml
	android:versionName
		INJECTED from src\main\AndroidManifest.xml
		ADDED from src\main\AndroidManifest.xml:2:1-87:12
		INJECTED from src\main\AndroidManifest.xml
	android:versionCode
		INJECTED from src\main\AndroidManifest.xml
		ADDED from src\main\AndroidManifest.xml:2:1-87:12
		INJECTED from src\main\AndroidManifest.xml
	xmlns:android
		ADDED from src\main\AndroidManifest.xml:2:11-69
uses-feature#android.hardware.camera
ADDED from src\main\AndroidManifest.xml:5:5-7:36
	android:required
		ADDED from src\main\AndroidManifest.xml:7:9-33
	android:name
		ADDED from src\main\AndroidManifest.xml:6:9-47
uses-feature#android.hardware.camera.autofocus
ADDED from src\main\AndroidManifest.xml:8:5-10:36
	android:required
		ADDED from src\main\AndroidManifest.xml:10:9-33
	android:name
		ADDED from src\main\AndroidManifest.xml:9:9-57
uses-permission#android.permission.WRITE_EXTERNAL_STORAGE
ADDED from src\main\AndroidManifest.xml:12:5-81
	android:name
		ADDED from src\main\AndroidManifest.xml:12:22-78
uses-permission#android.permission.READ_EXTERNAL_STORAGE
ADDED from src\main\AndroidManifest.xml:13:5-80
	android:name
		ADDED from src\main\AndroidManifest.xml:13:22-77
uses-permission#android.permission.CAMERA
ADDED from src\main\AndroidManifest.xml:14:5-65
	android:name
		ADDED from src\main\AndroidManifest.xml:14:22-62
uses-permission#android.permission.INTERNET
ADDED from src\main\AndroidManifest.xml:15:5-67
MERGED from [org.piwik.sdk:piwik-sdk:0.0.4] AndroidManifest.xml:11:5-67
MERGED from [org.piwik.sdk:piwik-sdk:0.0.4] AndroidManifest.xml:11:5-67
	android:name
		ADDED from src\main\AndroidManifest.xml:15:22-64
uses-permission#android.permission.REQUEST_INSTALL_PACKAGES
ADDED from src\main\AndroidManifest.xml:16:5-83
	android:name
		ADDED from src\main\AndroidManifest.xml:16:22-80
uses-permission#android.permission.READ_PHONE_STATE
ADDED from src\main\AndroidManifest.xml:17:5-75
	android:name
		ADDED from src\main\AndroidManifest.xml:17:22-72
application
ADDED from src\main\AndroidManifest.xml:19:5-85:19
MERGED from [com.android.support.constraint:constraint-layout:1.1.3] AndroidManifest.xml:9:5-20
MERGED from [com.android.support.constraint:constraint-layout:1.1.3] AndroidManifest.xml:9:5-20
MERGED from [us.feras.mdv:markdownview:1.1.0] AndroidManifest.xml:11:5-15:19
MERGED from [us.feras.mdv:markdownview:1.1.0] AndroidManifest.xml:11:5-15:19
MERGED from [com.github.ctodobom:FabToolbar:3c5f0e0ff1b6d5089e20b7da7157a604075ae943] AndroidManifest.xml:11:5-14:19
MERGED from [com.github.ctodobom:FabToolbar:3c5f0e0ff1b6d5089e20b7da7157a604075ae943] AndroidManifest.xml:11:5-14:19
MERGED from [com.github.ctodobom:drag-select-recyclerview:0.3.4.ctodobom.sections] AndroidManifest.xml:12:5-20
MERGED from [com.github.ctodobom:drag-select-recyclerview:0.3.4.ctodobom.sections] AndroidManifest.xml:12:5-20
MERGED from [com.android.volley:volley:1.1.0] AndroidManifest.xml:9:5-20
MERGED from [com.android.volley:volley:1.1.0] AndroidManifest.xml:9:5-20
MERGED from [android.arch.lifecycle:runtime:1.0.0] AndroidManifest.xml:24:5-28:19
MERGED from [android.arch.lifecycle:runtime:1.0.0] AndroidManifest.xml:24:5-28:19
	android:supportsRtl
		ADDED from src\main\AndroidManifest.xml:25:9-35
	android:label
		ADDED from src\main\AndroidManifest.xml:23:9-41
	android:largeHeap
		ADDED from src\main\AndroidManifest.xml:24:9-33
	android:icon
		ADDED from src\main\AndroidManifest.xml:22:9-40
	android:allowBackup
		ADDED from src\main\AndroidManifest.xml:21:9-35
	android:theme
		ADDED from src\main\AndroidManifest.xml:26:9-47
	android:name
		ADDED from src\main\AndroidManifest.xml:20:9-51
activity#com.todobom.opennotescanner.OpenNoteScannerActivity
ADDED from src\main\AndroidManifest.xml:27:9-38:20
	android:screenOrientation
		ADDED from src\main\AndroidManifest.xml:31:13-49
	android:label
		ADDED from src\main\AndroidManifest.xml:30:13-69
	android:configChanges
		ADDED from src\main\AndroidManifest.xml:29:13-74
	android:theme
		ADDED from src\main\AndroidManifest.xml:32:13-63
	android:name
		ADDED from src\main\AndroidManifest.xml:28:13-52
intent-filter#action:name:android.media.action.IMAGE_CAPTURE+category:name:android.intent.category.DEFAULT
ADDED from src\main\AndroidManifest.xml:33:13-37:29
action#android.media.action.IMAGE_CAPTURE
ADDED from src\main\AndroidManifest.xml:34:17-77
	android:name
		ADDED from src\main\AndroidManifest.xml:34:25-74
category#android.intent.category.DEFAULT
ADDED from src\main\AndroidManifest.xml:36:17-76
	android:name
		ADDED from src\main\AndroidManifest.xml:36:27-73
activity#com.todobom.opennotescanner.GalleryGridActivity
ADDED from src\main\AndroidManifest.xml:39:9-48:20
	android:screenOrientation
		ADDED from src\main\AndroidManifest.xml:43:13-49
	android:label
		ADDED from src\main\AndroidManifest.xml:42:13-59
	android:configChanges
		ADDED from src\main\AndroidManifest.xml:41:13-74
	android:theme
		ADDED from src\main\AndroidManifest.xml:44:13-51
	android:name
		ADDED from src\main\AndroidManifest.xml:40:13-48
intent-filter#action:name:android.intent.action.MAIN
ADDED from src\main\AndroidManifest.xml:45:13-47:29
action#android.intent.action.MAIN
ADDED from src\main\AndroidManifest.xml:46:17-69
	android:name
		ADDED from src\main\AndroidManifest.xml:46:25-66
activity#com.todobom.opennotescanner.FullScreenViewActivity
ADDED from src\main\AndroidManifest.xml:49:9-51:54
	android:theme
		ADDED from src\main\AndroidManifest.xml:51:13-51
	android:name
		ADDED from src\main\AndroidManifest.xml:50:13-51
activity#com.todobom.opennotescanner.SettingsActivity
ADDED from src\main\AndroidManifest.xml:52:9-55:47
	android:label
		ADDED from src\main\AndroidManifest.xml:54:13-45
	android:theme
		ADDED from src\main\AndroidManifest.xml:55:13-44
	android:name
		ADDED from src\main\AndroidManifest.xml:53:13-45
activity#com.todobom.opennotescanner.ocr.CaptureActivity
ADDED from src\main\AndroidManifest.xml:56:9-61:63
	android:screenOrientation
		ADDED from src\main\AndroidManifest.xml:59:13-50
	android:windowSoftInputMode
		ADDED from src\main\AndroidManifest.xml:61:13-60
	android:configChanges
		ADDED from src\main\AndroidManifest.xml:58:13-74
	android:theme
		ADDED from src\main\AndroidManifest.xml:60:13-71
	android:name
		ADDED from src\main\AndroidManifest.xml:57:13-48
activity#com.todobom.opennotescanner.LoginMain
ADDED from src\main\AndroidManifest.xml:73:9-79:20
	android:name
		ADDED from src\main\AndroidManifest.xml:73:19-44
intent-filter#action:name:android.intent.action.MAIN+category:name:android.intent.category.LAUNCHER
ADDED from src\main\AndroidManifest.xml:74:13-78:29
category#android.intent.category.LAUNCHER
ADDED from src\main\AndroidManifest.xml:77:17-77
	android:name
		ADDED from src\main\AndroidManifest.xml:77:27-74
activity#com.todobom.opennotescanner.Perfil
ADDED from src\main\AndroidManifest.xml:80:9-82:61
	android:label
		ADDED from src\main\AndroidManifest.xml:82:13-58
	android:name
		ADDED from src\main\AndroidManifest.xml:81:13-35
activity#com.todobom.opennotescanner.AgendarExame
ADDED from src\main\AndroidManifest.xml:83:9-50
	android:name
		ADDED from src\main\AndroidManifest.xml:83:19-47
activity#com.todobom.opennotescanner.ConsultarExames
ADDED from src\main\AndroidManifest.xml:84:9-62
	android:name
		ADDED from src\main\AndroidManifest.xml:84:19-50
uses-sdk
INJECTED from src\main\AndroidManifest.xml reason: use-sdk injection requested
INJECTED from src\main\AndroidManifest.xml
INJECTED from src\main\AndroidManifest.xml
MERGED from [com.android.support.constraint:constraint-layout:1.1.3] AndroidManifest.xml:5:5-7:41
MERGED from [com.android.support.constraint:constraint-layout:1.1.3] AndroidManifest.xml:5:5-7:41
MERGED from [com.android.support:design:27.0.0] AndroidManifest.xml:20:5-44
MERGED from [com.android.support:design:27.0.0] AndroidManifest.xml:20:5-44
MERGED from [us.feras.mdv:markdownview:1.1.0] AndroidManifest.xml:7:5-9:41
MERGED from [us.feras.mdv:markdownview:1.1.0] AndroidManifest.xml:7:5-9:41
MERGED from [com.github.ctodobom:FabToolbar:3c5f0e0ff1b6d5089e20b7da7157a604075ae943] AndroidManifest.xml:7:5-9:41
MERGED from [com.github.ctodobom:FabToolbar:3c5f0e0ff1b6d5089e20b7da7157a604075ae943] AndroidManifest.xml:7:5-9:41
MERGED from [com.android.support:appcompat-v7:27.0.0] AndroidManifest.xml:20:5-44
MERGED from [com.android.support:appcompat-v7:27.0.0] AndroidManifest.xml:20:5-44
MERGED from [com.android.support:support-v4:27.0.0] AndroidManifest.xml:20:5-44
MERGED from [com.android.support:support-v4:27.0.0] AndroidManifest.xml:20:5-44
MERGED from [com.github.ctodobom:OpenCV-3.1.0-Android:9e00ee4218ca0c9e60a905c9f09bf499f9dc5115] AndroidManifest.xml:7:5-9:41
MERGED from [com.github.ctodobom:OpenCV-3.1.0-Android:9e00ee4218ca0c9e60a905c9f09bf499f9dc5115] AndroidManifest.xml:7:5-9:41
MERGED from [com.github.ctodobom:drag-select-recyclerview:0.3.4.ctodobom.sections] AndroidManifest.xml:8:5-10:41
MERGED from [com.github.ctodobom:drag-select-recyclerview:0.3.4.ctodobom.sections] AndroidManifest.xml:8:5-10:41
MERGED from [org.piwik.sdk:piwik-sdk:0.0.4] AndroidManifest.xml:7:5-9:41
MERGED from [org.piwik.sdk:piwik-sdk:0.0.4] AndroidManifest.xml:7:5-9:41
MERGED from [com.android.volley:volley:1.1.0] AndroidManifest.xml:7:5-43
MERGED from [com.android.volley:volley:1.1.0] AndroidManifest.xml:7:5-43
MERGED from [com.android.support:support-fragment:27.0.0] AndroidManifest.xml:20:5-44
MERGED from [com.android.support:support-fragment:27.0.0] AndroidManifest.xml:20:5-44
MERGED from [com.android.support:support-core-utils:27.0.0] AndroidManifest.xml:20:5-44
MERGED from [com.android.support:support-core-utils:27.0.0] AndroidManifest.xml:20:5-44
MERGED from [com.android.support:transition:27.0.0] AndroidManifest.xml:20:5-44
MERGED from [com.android.support:transition:27.0.0] AndroidManifest.xml:20:5-44
MERGED from [com.android.support:support-media-compat:27.0.0] AndroidManifest.xml:20:5-44
MERGED from [com.android.support:support-media-compat:27.0.0] AndroidManifest.xml:20:5-44
MERGED from [com.android.support:animated-vector-drawable:27.0.0] AndroidManifest.xml:20:5-44
MERGED from [com.android.support:animated-vector-drawable:27.0.0] AndroidManifest.xml:20:5-44
MERGED from [com.android.support:recyclerview-v7:27.0.0] AndroidManifest.xml:20:5-44
MERGED from [com.android.support:recyclerview-v7:27.0.0] AndroidManifest.xml:20:5-44
MERGED from [com.android.support:support-core-ui:27.0.0] AndroidManifest.xml:20:5-44
MERGED from [com.android.support:support-core-ui:27.0.0] AndroidManifest.xml:20:5-44
MERGED from [com.android.support:support-vector-drawable:27.0.0] AndroidManifest.xml:20:5-44
MERGED from [com.android.support:support-vector-drawable:27.0.0] AndroidManifest.xml:20:5-44
MERGED from [com.android.support:support-compat:27.0.0] AndroidManifest.xml:20:5-44
MERGED from [com.android.support:support-compat:27.0.0] AndroidManifest.xml:20:5-44
MERGED from [android.arch.lifecycle:runtime:1.0.0] AndroidManifest.xml:20:5-22:41
MERGED from [android.arch.lifecycle:runtime:1.0.0] AndroidManifest.xml:20:5-22:41
INJECTED from src\main\AndroidManifest.xml
INJECTED from src\main\AndroidManifest.xml
	android:targetSdkVersion
		INJECTED from src\main\AndroidManifest.xml
		ADDED from src\main\AndroidManifest.xml
		INJECTED from src\main\AndroidManifest.xml
	android:minSdkVersion
		INJECTED from src\main\AndroidManifest.xml
		ADDED from src\main\AndroidManifest.xml
		INJECTED from src\main\AndroidManifest.xml
meta-data#android.support.FILE_PROVIDER_PATHS
ADDED from src\main\AndroidManifest.xml:68:13-70:58
	android:resource
		ADDED from src\main\AndroidManifest.xml:70:17-55
	android:name
		ADDED from src\main\AndroidManifest.xml:69:17-67
uses-permission#android.permission.ACCESS_NETWORK_STATE
ADDED from [org.piwik.sdk:piwik-sdk:0.0.4] AndroidManifest.xml:12:5-79
	android:name
		ADDED from [org.piwik.sdk:piwik-sdk:0.0.4] AndroidManifest.xml:12:22-76
meta-data#android.arch.lifecycle.VERSION
ADDED from [android.arch.lifecycle:runtime:1.0.0] AndroidManifest.xml:25:9-27:47
	android:value
		ADDED from [android.arch.lifecycle:runtime:1.0.0] AndroidManifest.xml:27:13-44
	android:name
		ADDED from [android.arch.lifecycle:runtime:1.0.0] AndroidManifest.xml:26:13-58